-1.5
-showWeaveInfo
-source
1.5
-verbose
-classpath
C:\Documents and Settings\addiha5\.m2\repository\antlr\antlr\2.7.6\antlr-2.7.6.jar;C:\Documents and Settings\addiha5\.m2\repository\asm\asm\1.5.3\asm-1.5.3.jar;C:\Documents and Settings\addiha5\.m2\repository\asm\asm-attrs\1.5.3\asm-attrs-1.5.3.jar;C:\Documents and Settings\addiha5\.m2\repository\aspectj\aspectjrt\1.5.3\aspectjrt-1.5.3.jar;C:\Documents and Settings\addiha5\.m2\repository\aspectj\aspectjweaver\1.5.3\aspectjweaver-1.5.3.jar;C:\Documents and Settings\addiha5\.m2\repository\avalon-framework\avalon-framework\4.1.3\avalon-framework-4.1.3.jar;C:\Documents and Settings\addiha5\.m2\repository\backport-util-concurrent\backport-util-concurrent\3.0\backport-util-concurrent-3.0.jar;C:\Documents and Settings\addiha5\.m2\repository\cglib\cglib\2.1_3\cglib-2.1_3.jar;C:\Documents and Settings\addiha5\.m2\repository\commons-beanutils\commons-beanutils\1.7.0\commons-beanutils-1.7.0.jar;C:\Documents and Settings\addiha5\.m2\repository\commons-codec\commons-codec\1.3\commons-codec-1.3.jar;C:\Documents and Settings\addiha5\.m2\repository\commons-collections\commons-collections\3.2\commons-collections-3.2.jar;C:\Documents and Settings\addiha5\.m2\repository\commons-httpclient\commons-httpclient\3.0\commons-httpclient-3.0.jar;C:\Documents and Settings\addiha5\.m2\repository\commons-lang\commons-lang\2.3\commons-lang-2.3.jar;C:\Documents and Settings\addiha5\.m2\repository\commons-logging\commons-logging\1.1\commons-logging-1.1.jar;C:\Documents and Settings\addiha5\.m2\repository\dom4j\dom4j\1.6.1\dom4j-1.6.1.jar;C:\Documents and Settings\addiha5\.m2\repository\hsqldb\hsqldb\1.8.0.7\hsqldb-1.8.0.7.jar;C:\Documents and Settings\addiha5\.m2\repository\javassist\javassist\3.9.0.GA\javassist-3.9.0.GA.jar;C:\Documents and Settings\addiha5\.m2\repository\javax\activation\activation\1.1\activation-1.1.jar;C:\Documents and Settings\addiha5\.m2\repository\javax\mail\mail\1.4\mail-1.4.jar;C:\Documents and Settings\addiha5\.m2\repository\javax\persistence\persistence-api\1.0\persistence-api-1.0.jar;C:\Documents and Settings\addiha5\.m2\repository\javax\servlet\servlet-api\2.3\servlet-api-2.3.jar;C:\Documents and Settings\addiha5\.m2\repository\javax\transaction\jta\1.0.1B\jta-1.0.1B.jar;C:\Documents and Settings\addiha5\.m2\repository\jdom\jdom\1.0\jdom-1.0.jar;C:\Documents and Settings\addiha5\.m2\repository\jmock\jmock\1.1.0\jmock-1.1.0.jar;C:\Documents and Settings\addiha5\.m2\repository\junit\junit\4.4\junit-4.4.jar;C:\Documents and Settings\addiha5\.m2\repository\log4j\log4j\1.2.13\log4j-1.2.13.jar;C:\Documents and Settings\addiha5\.m2\repository\logkit\logkit\1.0.1\logkit-1.0.1.jar;C:\Documents and Settings\addiha5\.m2\repository\net\java\dev\stax-utils\stax-utils\20040917\stax-utils-20040917.jar;C:\Documents and Settings\addiha5\.m2\repository\net\sf\ehcache\ehcache\1.3.0\ehcache-1.3.0.jar;C:\Documents and Settings\addiha5\.m2\repository\net\sf\jsr107cache\jsr107cache\1.0\jsr107cache-1.0.jar;C:\Documents and Settings\addiha5\.m2\repository\org\acegisecurity\acegi-security\1.0.5\acegi-security-1.0.5.jar;C:\Documents and Settings\addiha5\.m2\repository\org\acegisecurity\acegi-security-tiger\1.0.5\acegi-security-tiger-1.0.5.jar;C:\Documents and Settings\addiha5\.m2\repository\org\apache\xbean\xbean-spring\2.8\xbean-spring-2.8.jar;C:\Documents and Settings\addiha5\.m2\repository\org\aspectj\aspectjrt\1.6.2\aspectjrt-1.6.2.jar;C:\Documents and Settings\addiha5\.m2\repository\org\aspectj\aspectjweaver\1.6.2\aspectjweaver-1.6.2.jar;C:\Documents and Settings\addiha5\.m2\repository\org\codehaus\woodstox\wstx-asl\3.2.0\wstx-asl-3.2.0.jar;C:\Documents and Settings\addiha5\.m2\repository\org\codehaus\xfire\xfire-aegis\1.2.6\xfire-aegis-1.2.6.jar;C:\Documents and Settings\addiha5\.m2\repository\org\codehaus\xfire\xfire-annotations\1.2.6\xfire-annotations-1.2.6.jar;C:\Documents and Settings\addiha5\.m2\repository\org\codehaus\xfire\xfire-core\1.2.6\xfire-core-1.2.6.jar;C:\Documents and Settings\addiha5\.m2\repository\org\codehaus\xfire\xfire-java5\1.2.6\xfire-java5-1.2.6.jar;C:\Documents and Settings\addiha5\.m2\repository\org\codehaus\xfire\xfire-spring\1.2.6\xfire-spring-1.2.6.jar;C:\Documents and Settings\addiha5\.m2\repository\org\codehaus\xfire\xfire-xmlbeans\1.2.6\xfire-xmlbeans-1.2.6.jar;C:\Documents and Settings\addiha5\.m2\repository\org\hibernate\hibernate\3.2.5.ga\hibernate-3.2.5.ga.jar;C:\Documents and Settings\addiha5\.m2\repository\org\hibernate\hibernate-annotations\3.3.0.ga\hibernate-annotations-3.3.0.ga.jar;C:\Documents and Settings\addiha5\.m2\repository\org\hibernate\hibernate-commons-annotations\3.3.0.ga\hibernate-commons-annotations-3.3.0.ga.jar;C:\Documents and Settings\addiha5\.m2\repository\org\hibernate\hibernate-core\3.3.1.GA\hibernate-core-3.3.1.GA.jar;C:\Documents and Settings\addiha5\.m2\repository\org\slf4j\slf4j-api\1.5.2\slf4j-api-1.5.2.jar;C:\Documents and Settings\addiha5\.m2\repository\org\slf4j\slf4j-log4j12\1.5.2\slf4j-log4j12-1.5.2.jar;C:\Documents and Settings\addiha5\.m2\repository\org\springframework\spring\2.5.4\spring-2.5.4.jar;C:\Documents and Settings\addiha5\.m2\repository\org\springframework\spring-aspects\2.5.4\spring-aspects-2.5.4.jar;C:\Documents and Settings\addiha5\.m2\repository\org\springframework\spring-mock\2.0.8\spring-mock-2.0.8.jar;C:\Documents and Settings\addiha5\.m2\repository\org\xmdl\ida\ida-corelib\0.1.1\ida-corelib-0.1.1.jar;C:\Documents and Settings\addiha5\.m2\repository\org\xmdl\ida\mesken-core\0.1.1\mesken-core-0.1.1.jar;C:\Documents and Settings\addiha5\.m2\repository\oro\oro\2.0.8\oro-2.0.8.jar;C:\Documents and Settings\addiha5\.m2\repository\stax\stax-api\1.0.1\stax-api-1.0.1.jar;C:\Documents and Settings\addiha5\.m2\repository\velocity\velocity\1.4\velocity-1.4.jar;C:\Documents and Settings\addiha5\.m2\repository\wsdl4j\wsdl4j\1.6.1\wsdl4j-1.6.1.jar;C:\Documents and Settings\addiha5\.m2\repository\xfire\xfire-jsr181-api\1.0-M1\xfire-jsr181-api-1.0-M1.jar;C:\Documents and Settings\addiha5\.m2\repository\xmlbeans\xbean\2.2.0\xbean-2.2.0.jar;D:\wsx\xmdl\org.xmdl.wdl.taslak\src-gen\core\target\classes
-aspectpath
C:\Documents and Settings\addiha5\.m2\repository\org\springframework\spring-aspects\2.5.4\spring-aspects-2.5.4.jar
-d
D:\wsx\xmdl\org.xmdl.wdl.taslak\src-gen\core\target\classes
D:\wsx\xmdl\org.xmdl.wdl.taslak\src-gen\core\src\main\java\org\xmdl\taslak\model\search\ProductSearch.java
D:\wsx\xmdl\org.xmdl.wdl.taslak\src-gen\core\src\main\java\org\xmdl\taslak\service\ProductManager.java
D:\wsx\xmdl\org.xmdl.wdl.taslak\src-gen\core\src\main\java\org\xmdl\taslak\ApplicationConstants.java
D:\wsx\xmdl\org.xmdl.wdl.taslak\src-gen\core\src\main\java\org\xmdl\taslak\service\impl\ProfileManagerImpl.java
D:\wsx\xmdl\org.xmdl.wdl.taslak\src-gen\core\src\main\java\org\xmdl\taslak\service\impl\ProductManagerImpl.java
D:\wsx\xmdl\org.xmdl.wdl.taslak\src-gen\core\src\main\java\org\xmdl\taslak\dao\hibernate\SupplierDAOHibernate.java
D:\wsx\xmdl\org.xmdl.wdl.taslak\src-gen\core\src\main\java\org\xmdl\taslak\service\SupplierManager.java
D:\wsx\xmdl\org.xmdl.wdl.taslak\src-gen\core\src\main\java\org\xmdl\taslak\dao\OrderDAO.java
D:\wsx\xmdl\org.xmdl.wdl.taslak\src-gen\core\src\main\java\org\xmdl\taslak\service\OrderManager.java
D:\wsx\xmdl\org.xmdl.wdl.taslak\src-gen\core\src\main\java\org\xmdl\taslak\service\OrderElementManager.java
D:\wsx\xmdl\org.xmdl.wdl.taslak\src-gen\core\src\main\java\org\xmdl\taslak\dao\ProductDAO.java
D:\wsx\xmdl\org.xmdl.wdl.taslak\src-gen\core\src\main\java\org\xmdl\taslak\model\search\OrderElementSearch.java
D:\wsx\xmdl\org.xmdl.wdl.taslak\src-gen\core\src\main\java\org\xmdl\taslak\model\search\OrderSearch.java
D:\wsx\xmdl\org.xmdl.wdl.taslak\src-gen\core\src\main\java\org\xmdl\taslak\model\search\ProfileSearch.java
D:\wsx\xmdl\org.xmdl.wdl.taslak\src-gen\core\src\main\java\org\xmdl\taslak\model\Money.java
D:\wsx\xmdl\org.xmdl.wdl.taslak\src-gen\core\src\main\java\org\xmdl\taslak\service\impl\SupplierManagerImpl.java
D:\wsx\xmdl\org.xmdl.wdl.taslak\src-gen\core\src\main\java\org\xmdl\taslak\model\Product.java
D:\wsx\xmdl\org.xmdl.wdl.taslak\src-gen\core\src\main\java\org\xmdl\taslak\model\Profile.java
D:\wsx\xmdl\org.xmdl.wdl.taslak\src-gen\core\src\main\java\org\xmdl\taslak\service\ProfileManager.java
D:\wsx\xmdl\org.xmdl.wdl.taslak\src-gen\core\src\main\java\org\xmdl\taslak\dao\hibernate\OrderElementDAOHibernate.java
D:\wsx\xmdl\org.xmdl.wdl.taslak\src-gen\core\src\main\java\org\xmdl\taslak\model\ProductType.java
D:\wsx\xmdl\org.xmdl.wdl.taslak\src-gen\core\src\main\java\org\xmdl\taslak\model\Supplier.java
D:\wsx\xmdl\org.xmdl.wdl.taslak\src-gen\core\src\main\java\org\xmdl\taslak\dao\hibernate\ProfileDAOHibernate.java
D:\wsx\xmdl\org.xmdl.wdl.taslak\src-gen\core\src\main\java\org\xmdl\taslak\service\impl\OrderElementManagerImpl.java
D:\wsx\xmdl\org.xmdl.wdl.taslak\src-gen\core\src\main\java\org\xmdl\taslak\dao\OrderElementDAO.java
D:\wsx\xmdl\org.xmdl.wdl.taslak\src-gen\core\src\main\java\org\xmdl\taslak\dao\hibernate\ProductDAOHibernate.java
D:\wsx\xmdl\org.xmdl.wdl.taslak\src-gen\core\src\main\java\org\xmdl\taslak\dao\hibernate\OrderDAOHibernate.java
D:\wsx\xmdl\org.xmdl.wdl.taslak\src-gen\core\src\main\java\org\xmdl\taslak\model\search\SupplierSearch.java
D:\wsx\xmdl\org.xmdl.wdl.taslak\src-gen\core\src\main\java\org\xmdl\taslak\model\OrderElement.java
D:\wsx\xmdl\org.xmdl.wdl.taslak\src-gen\core\src\main\java\org\xmdl\taslak\dao\SupplierDAO.java
D:\wsx\xmdl\org.xmdl.wdl.taslak\src-gen\core\src\main\java\org\xmdl\taslak\service\impl\OrderManagerImpl.java
D:\wsx\xmdl\org.xmdl.wdl.taslak\src-gen\core\src\main\java\org\xmdl\taslak\model\Order.java
D:\wsx\xmdl\org.xmdl.wdl.taslak\src-gen\core\src\main\java\org\xmdl\taslak\dao\ProfileDAO.java
